Using pre-set license

 COMMAND LINE ARGUMENTS:
/Applications/Unity/Hub/Editor/2020.2.2f1/Unity.app/Contents/MacOS/Unity
-adb2
-batchMode
-noUpm
-name
AssetImportWorker0
-projectPath
/Users/omer.avci/Documents/PersonalProjects/UITweening/UITweening
-logFile
Logs/AssetImportWorker0.log
-srvPort
49560
Successfully changed project path to: /Users/omer.avci/Documents/PersonalProjects/UITweening/UITweening
/Users/omer.avci/Documents/PersonalProjects/UITweening/UITweening
Using Asset Import Pipeline V2.
Refreshing native plugins compatible for Editor in 19.98 ms, found 1 plugins.
Preloading 0 native plugins for Editor in 0.00 ms.
Initialize engine version: 2020.2.2f1 (068178b99f32)
[Subsystems] Discovering subsystems at path /Applications/Unity/Hub/Editor/2020.2.2f1/Unity.app/Contents/Resources/UnitySubsystems
[Subsystems] Discovering subsystems at path /Users/omer.avci/Documents/PersonalProjects/UITweening/UITweening/Assets
GfxDevice: creating device client; threaded=0
2021-02-05 23:17:38.373 Unity[876:18025] Color LCD preferred device: Intel(R) UHD Graphics 630 (low power)
2021-02-05 23:17:38.373 Unity[876:18025] Metal devices available: 2
2021-02-05 23:17:38.373 Unity[876:18025] 0: AMD Radeon Pro 5300M (high power)
2021-02-05 23:17:38.373 Unity[876:18025] 1: Intel(R) UHD Graphics 630 (low power)
2021-02-05 23:17:38.374 Unity[876:18025] Using device AMD Radeon Pro 5300M (high power)
Initializing Metal device caps: AMD Radeon Pro 5300M
Initialize mono
Mono path[0] = '/Applications/Unity/Hub/Editor/2020.2.2f1/Unity.app/Contents/Managed'
Mono path[1] = '/Applications/Unity/Hub/Editor/2020.2.2f1/Unity.app/Contents/MonoBleedingEdge/lib/mono/unityjit'
Mono config path = '/Applications/Unity/Hub/Editor/2020.2.2f1/Unity.app/Contents/MonoBleedingEdge/etc'
Using monoOptions --debugger-agent=transport=dt_socket,embedding=1,server=y,suspend=n,address=127.0.0.1:56876
Begin MonoManager ReloadAssembly
Registering precompiled unity dll's ...
Register platform support module: /Applications/Unity/Hub/Editor/2020.2.2f1/Unity.app/Contents/PlaybackEngines/MacStandaloneSupport/UnityEditor.OSXStandalone.Extensions.dll
Registered in 0.000425 seconds.
Native extension for OSXStandalone target not found
Refreshing native plugins compatible for Editor in 17.96 ms, found 1 plugins.
Preloading 0 native plugins for Editor in 0.00 ms.
Invoked RoslynAnalysisRunner static constructor.
RoslynAnalysisRunner will not be running.
RoslynAnalysisRunner has terminated.
Mono: successfully reloaded assembly
- Completed reload, in  1.823 seconds
Platform modules already initialized, skipping
Registering precompiled user dll's ...
Registered in 0.000255 seconds.
Begin MonoManager ReloadAssembly
Native extension for OSXStandalone target not found
Refreshing native plugins compatible for Editor in 0.18 ms, found 1 plugins.
Preloading 0 native plugins for Editor in 0.00 ms.
Invoked RoslynAnalysisRunner static constructor.
RoslynAnalysisRunner will not be running.
RoslynAnalysisRunner has terminated.
Mono: successfully reloaded assembly
- Completed reload, in  0.762 seconds
Platform modules already initialized, skipping
========================================================================
Worker process is ready to serve import requests
Launching external process: /Applications/Unity/Hub/Editor/2020.2.2f1/Unity.app/Contents/Tools/UnityShaderCompiler
Launched and connected shader compiler UnityShaderCompiler after 0.01 seconds
Refreshing native plugins compatible for Editor in 0.19 ms, found 1 plugins.
Preloading 0 native plugins for Editor in 0.00 ms.
Unloading 1094 Unused Serialized files (Serialized files now loaded: 0)
System memory in use before: 110.6 MB.
System memory in use after: 110.7 MB.

Unloading 9 unused Assets to reduce memory usage. Loaded Objects now: 1535.
Total: 1.919365 ms (FindLiveObjects: 0.185913 ms CreateObjectMapping: 0.046523 ms MarkObjects: 1.626624 ms  DeleteObjects: 0.058950 ms)

========================================================================
Received Import Request.
  path: Assets/UITweening/UITweening/Core/Editor/UITweenAlphaInspector.cs
  artifactKey: Guid(6f647b42117fd5341aa36bcb845f1fb0) Importer(815301076,1909f56bfc062723c751e8b465ee728b)
Start importing Assets/UITweening/UITweening/Core/Editor/UITweenAlphaInspector.cs using Guid(6f647b42117fd5341aa36bcb845f1fb0) Importer(815301076,1909f56bfc062723c751e8b465ee728b)  -> (artifact id: '422da92194482b6a5710e5ba6be2d2f5') in 0.256642 seconds
  Import took 0.259006 seconds .

========================================================================
Received Import Request.
  Time since last request: 0.000218 seconds.
  path: Assets/UITweening/UITweening/Core/Editor/InspectorBase.cs
  artifactKey: Guid(e35146449bde7a34f81437b5f3c19a8f) Importer(815301076,1909f56bfc062723c751e8b465ee728b)
Start importing Assets/UITweening/UITweening/Core/Editor/InspectorBase.cs using Guid(e35146449bde7a34f81437b5f3c19a8f) Importer(815301076,1909f56bfc062723c751e8b465ee728b)  -> (artifact id: '8a1bd24b100b37302770fbf9d09ac744') in 0.002625 seconds
  Import took 0.003816 seconds .

========================================================================
Received Import Request.
  Time since last request: 4.272201 seconds.
  path: Assets/UITweening/UITweening/Core
  artifactKey: Guid(1814c9ac83f0aaf40980d6a2e208eb50) Importer(815301076,1909f56bfc062723c751e8b465ee728b)
Start importing Assets/UITweening/UITweening/Core using Guid(1814c9ac83f0aaf40980d6a2e208eb50) Importer(815301076,1909f56bfc062723c751e8b465ee728b)  -> (artifact id: '0054ee0b23a89f13ac8ae039552f20a8') in 0.001138 seconds
  Import took 0.002981 seconds .

========================================================================
Received Import Request.
  Time since last request: 0.358737 seconds.
  path: Assets/UITweening/UITweening
  artifactKey: Guid(f20215ad77ebcaa4fb413b1875bfe19a) Importer(815301076,1909f56bfc062723c751e8b465ee728b)
Start importing Assets/UITweening/UITweening using Guid(f20215ad77ebcaa4fb413b1875bfe19a) Importer(815301076,1909f56bfc062723c751e8b465ee728b)  -> (artifact id: '970adde42b20916150bada7354d8a8ae') in 0.001161 seconds
  Import took 0.003030 seconds .

========================================================================
Received Import Request.
  Time since last request: 2.789126 seconds.
  path: Assets/UITweening
  artifactKey: Guid(e0fa5b4b0f2097b41914522d22efe33f) Importer(815301076,1909f56bfc062723c751e8b465ee728b)
Start importing Assets/UITweening using Guid(e0fa5b4b0f2097b41914522d22efe33f) Importer(815301076,1909f56bfc062723c751e8b465ee728b)  -> (artifact id: 'ac02368dfc22f2c085b2531b02bb347c') in 0.001113 seconds
  Import took 0.003187 seconds .

========================================================================
Received Import Request.
  Time since last request: 0.178109 seconds.
  path: Assets/TestScript.cs
  artifactKey: Guid(06d045e86c722b5458c2f0b82fb99c2d) Importer(815301076,1909f56bfc062723c751e8b465ee728b)
Start importing Assets/TestScript.cs using Guid(06d045e86c722b5458c2f0b82fb99c2d) Importer(815301076,1909f56bfc062723c751e8b465ee728b)  -> (artifact id: '7a966cc6277085a6ef095d901c269e09') in 0.006696 seconds
  Import took 0.009043 seconds .

========================================================================
Received Import Request.
  Time since last request: 0.001858 seconds.
  path: Assets/TestScript.cs
  artifactKey: Guid(06d045e86c722b5458c2f0b82fb99c2d) Importer(815301076,1909f56bfc062723c751e8b465ee728b)
Start importing Assets/TestScript.cs using Guid(06d045e86c722b5458c2f0b82fb99c2d) Importer(815301076,1909f56bfc062723c751e8b465ee728b)  -> (artifact id: '7a966cc6277085a6ef095d901c269e09') in 0.003433 seconds
  Import took 0.005728 seconds .

========================================================================
Received Import Request.
  Time since last request: 67.076109 seconds.
  path: Assets/UITweening/UITweening/Core/Editor/UITweenColorInspector.cs
  artifactKey: Guid(6906dd6eb0cfe424ebbcc1476e57698a) Importer(815301076,1909f56bfc062723c751e8b465ee728b)
Start importing Assets/UITweening/UITweening/Core/Editor/UITweenColorInspector.cs using Guid(6906dd6eb0cfe424ebbcc1476e57698a) Importer(815301076,1909f56bfc062723c751e8b465ee728b)  -> (artifact id: 'a1311a35d581716f8cbfd99b8906f752') in 0.003172 seconds
  Import took 0.005393 seconds .

========================================================================
Received Prepare
Registering precompiled user dll's ...
Registered in 0.000223 seconds.
Begin MonoManager ReloadAssembly
Native extension for OSXStandalone target not found
Refreshing native plugins compatible for Editor in 0.18 ms, found 1 plugins.
Preloading 0 native plugins for Editor in 0.00 ms.
Invoked RoslynAnalysisRunner static constructor.
RoslynAnalysisRunner will not be running.
RoslynAnalysisRunner has terminated.
Mono: successfully reloaded assembly
- Completed reload, in  0.737 seconds
Platform modules already initialized, skipping
Refreshing native plugins compatible for Editor in 0.12 ms, found 1 plugins.
Preloading 0 native plugins for Editor in 0.00 ms.
Unloading 1088 Unused Serialized files (Serialized files now loaded: 0)
System memory in use before: 114.8 MB.
System memory in use after: 114.9 MB.

Unloading 4 unused Assets to reduce memory usage. Loaded Objects now: 1537.
Total: 2.226038 ms (FindLiveObjects: 0.212070 ms CreateObjectMapping: 0.057716 ms MarkObjects: 1.923810 ms  DeleteObjects: 0.030633 ms)

========================================================================
Received Import Request.
  Time since last request: 646.037135 seconds.
  path: Assets/UITweening/UITweening/Core/Runtime/Other/UITweeningUtilities.cs
  artifactKey: Guid(b696abba9668eff41b2a72311af6ff13) Importer(815301076,1909f56bfc062723c751e8b465ee728b)
Start importing Assets/UITweening/UITweening/Core/Runtime/Other/UITweeningUtilities.cs using Guid(b696abba9668eff41b2a72311af6ff13) Importer(815301076,1909f56bfc062723c751e8b465ee728b)  -> (artifact id: 'b9313b611b65a839c8b1f333bd07ca33') in 0.005823 seconds
  Import took 0.007877 seconds .

========================================================================
Received Import Request.
  Time since last request: 46.409940 seconds.
  path: Assets/UITweening/UITweening/Core/Runtime/Other/UIVirtualValueTweener.cs
  artifactKey: Guid(46761867e11824e458099bfffd29e645) Importer(815301076,1909f56bfc062723c751e8b465ee728b)
Start importing Assets/UITweening/UITweening/Core/Runtime/Other/UIVirtualValueTweener.cs using Guid(46761867e11824e458099bfffd29e645) Importer(815301076,1909f56bfc062723c751e8b465ee728b)  -> (artifact id: '806df8dfcd4e9e28a733ffb34d69d1f6') in 0.004308 seconds
  Import took 0.006330 seconds .

========================================================================
Received Import Request.
  Time since last request: 20.353044 seconds.
  path: Assets/UITweening/UITweening/Core/Runtime/Tweens/UITweenAlpha.cs
  artifactKey: Guid(2a417e22b65941f41a9d8f547be54de6) Importer(815301076,1909f56bfc062723c751e8b465ee728b)
Start importing Assets/UITweening/UITweening/Core/Runtime/Tweens/UITweenAlpha.cs using Guid(2a417e22b65941f41a9d8f547be54de6) Importer(815301076,1909f56bfc062723c751e8b465ee728b)  -> (artifact id: '6a9b1ebe9f329dbf1ead4b507bc05fe0') in 0.003309 seconds
  Import took 0.005028 seconds .

========================================================================
Received Import Request.
  Time since last request: 107.931410 seconds.
  path: Assets/UITweening/UITweening/Core/Runtime/Tweens/UITweenColor.cs
  artifactKey: Guid(d6bc137ec7383914db890edd1443ffed) Importer(815301076,1909f56bfc062723c751e8b465ee728b)
Start importing Assets/UITweening/UITweening/Core/Runtime/Tweens/UITweenColor.cs using Guid(d6bc137ec7383914db890edd1443ffed) Importer(815301076,1909f56bfc062723c751e8b465ee728b)  -> (artifact id: 'fafb0db8139a553da5fdabf961e39095') in 0.003313 seconds
  Import took 0.005184 seconds .

========================================================================
Received Import Request.
  Time since last request: 2.025443 seconds.
  path: Assets/UITweening/UITweening/Core/Runtime/Tweens/UITweenPosition.cs
  artifactKey: Guid(f36c425e37f51e544814498c64298144) Importer(815301076,1909f56bfc062723c751e8b465ee728b)
Start importing Assets/UITweening/UITweening/Core/Runtime/Tweens/UITweenPosition.cs using Guid(f36c425e37f51e544814498c64298144) Importer(815301076,1909f56bfc062723c751e8b465ee728b)  -> (artifact id: '9738124e6020dff9e47a05f4dd7371cc') in 0.003427 seconds
  Import took 0.005424 seconds .

========================================================================
Received Prepare
Registering precompiled user dll's ...
Registered in 0.000227 seconds.
Begin MonoManager ReloadAssembly
Native extension for OSXStandalone target not found
Refreshing native plugins compatible for Editor in 0.17 ms, found 1 plugins.
Preloading 0 native plugins for Editor in 0.00 ms.
Invoked RoslynAnalysisRunner static constructor.
RoslynAnalysisRunner will not be running.
RoslynAnalysisRunner has terminated.
Mono: successfully reloaded assembly
- Completed reload, in  0.747 seconds
Platform modules already initialized, skipping
Refreshing native plugins compatible for Editor in 0.13 ms, found 1 plugins.
Preloading 0 native plugins for Editor in 0.00 ms.
Unloading 1088 Unused Serialized files (Serialized files now loaded: 0)
System memory in use before: 115.2 MB.
System memory in use after: 115.3 MB.

Unloading 4 unused Assets to reduce memory usage. Loaded Objects now: 1539.
Total: 1.483129 ms (FindLiveObjects: 0.149390 ms CreateObjectMapping: 0.038029 ms MarkObjects: 1.279650 ms  DeleteObjects: 0.014994 ms)

========================================================================
Received Prepare
Registering precompiled user dll's ...
Registered in 0.000222 seconds.
Begin MonoManager ReloadAssembly
Native extension for OSXStandalone target not found
Refreshing native plugins compatible for Editor in 0.18 ms, found 1 plugins.
Preloading 0 native plugins for Editor in 0.00 ms.
Invoked RoslynAnalysisRunner static constructor.
RoslynAnalysisRunner will not be running.
RoslynAnalysisRunner has terminated.
Mono: successfully reloaded assembly
- Completed reload, in  0.762 seconds
Platform modules already initialized, skipping
Refreshing native plugins compatible for Editor in 0.11 ms, found 1 plugins.
Preloading 0 native plugins for Editor in 0.00 ms.
Unloading 1088 Unused Serialized files (Serialized files now loaded: 0)
System memory in use before: 115.5 MB.
System memory in use after: 115.6 MB.

Unloading 4 unused Assets to reduce memory usage. Loaded Objects now: 1541.
Total: 1.749008 ms (FindLiveObjects: 0.171634 ms CreateObjectMapping: 0.048280 ms MarkObjects: 1.509602 ms  DeleteObjects: 0.017766 ms)

========================================================================
Received Prepare
Registering precompiled user dll's ...
Registered in 0.000365 seconds.
Begin MonoManager ReloadAssembly
Native extension for OSXStandalone target not found
Refreshing native plugins compatible for Editor in 0.18 ms, found 1 plugins.
Preloading 0 native plugins for Editor in 0.00 ms.
Invoked RoslynAnalysisRunner static constructor.
RoslynAnalysisRunner will not be running.
RoslynAnalysisRunner has terminated.
Mono: successfully reloaded assembly
- Completed reload, in  0.736 seconds
Platform modules already initialized, skipping
Refreshing native plugins compatible for Editor in 0.17 ms, found 1 plugins.
Preloading 0 native plugins for Editor in 0.00 ms.
Unloading 1088 Unused Serialized files (Serialized files now loaded: 0)
System memory in use before: 115.7 MB.
System memory in use after: 115.8 MB.

Unloading 4 unused Assets to reduce memory usage. Loaded Objects now: 1543.
Total: 1.629153 ms (FindLiveObjects: 0.158972 ms CreateObjectMapping: 0.041331 ms MarkObjects: 1.412348 ms  DeleteObjects: 0.014956 ms)

